<?xml version="1.0" encoding="UTF-8"?>
<testng-results skipped="0" failed="0" total="1" passed="1">
  <reporter-output>
  </reporter-output>
  <suite name="Default suite" duration-ms="38" started-at="2015-09-11T02:35:25Z" finished-at="2015-09-11T02:35:25Z">
    <groups>
    </groups>
    <test name="Default test" duration-ms="38" started-at="2015-09-11T02:35:25Z" finished-at="2015-09-11T02:35:25Z">
      <class name="funLibrary.SimpleTest">
        <test-method status="PASS" signature="test()[pri:0, instance:funLibrary.SimpleTest@75ea2543]" name="test" duration-ms="13" started-at="2015-09-11T10:35:25Z" finished-at="2015-09-11T10:35:25Z">
          <reporter-output>
          </reporter-output>
        </test-method> <!-- test -->
      </class> <!-- funLibrary.SimpleTest -->
    </test> <!-- Default test -->
  </suite> <!-- Default suite -->
</testng-results>
